mkdir: cannot create directory ‘/bach1/home/khanh2/HMMSUM/HMM_RV11’: File exists
processing /bach1/home/khanh2/HMMSUM/bb3_release/RV11/BB11001.tfa

 Sequence number in the FASTA file:           4

 ...parsing sequence 1
STOP SEQ2DRCT: Normal end
BACKGROUND FREQS   0.08279  0.01937  0.05855  0.05992  0.04014  0.08089  0.02275  0.05552  0.05959  0.08020  0.02070  0.04729  0.04599  0.03728  0.04640  0.06246  0.05888  0.06866  0.01507  0.03756
NUM NODES   281
Background RAMA   0.4239  0.0809  0.1722  0.1735  0.0223  0.0284  0.0377  0.0225  0.0236  0.0125  0.0024
Background DSSP   0.3244  0.2091  0.0388  0.0907  0.1178  0.2194
Background CTXT   0.3244  0.0713  0.1378  0.0268  0.0264  0.0351  0.0267  0.0281  0.2751  0.0484
 ...parsing sequence 2
STOP SEQ2DRCT: Normal end
BACKGROUND FREQS   0.08279  0.01937  0.05855  0.05992  0.04014  0.08089  0.02275  0.05552  0.05959  0.08020  0.02070  0.04729  0.04599  0.03728  0.04640  0.06246  0.05888  0.06866  0.01507  0.03756
NUM NODES   281
Background RAMA   0.4239  0.0809  0.1722  0.1735  0.0223  0.0284  0.0377  0.0225  0.0236  0.0125  0.0024
Background DSSP   0.3244  0.2091  0.0388  0.0907  0.1178  0.2194
Background CTXT   0.3244  0.0713  0.1378  0.0268  0.0264  0.0351  0.0267  0.0281  0.2751  0.0484
 ...parsing sequence 3
STOP SEQ2DRCT: Normal end
BACKGROUND FREQS   0.08279  0.01937  0.05855  0.05992  0.04014  0.08089  0.02275  0.05552  0.05959  0.08020  0.02070  0.04729  0.04599  0.03728  0.04640  0.06246  0.05888  0.06866  0.01507  0.03756
NUM NODES   281
Background RAMA   0.4239  0.0809  0.1722  0.1735  0.0223  0.0284  0.0377  0.0225  0.0236  0.0125  0.0024
Background DSSP   0.3244  0.2091  0.0388  0.0907  0.1178  0.2194
Background CTXT   0.3244  0.0713  0.1378  0.0268  0.0264  0.0351  0.0267  0.0281  0.2751  0.0484
 ...parsing sequence 4
STOP SEQ2DRCT: Normal end
BACKGROUND FREQS   0.08279  0.01937  0.05855  0.05992  0.04014  0.08089  0.02275  0.05552  0.05959  0.08020  0.02070  0.04729  0.04599  0.03728  0.04640  0.06246  0.05888  0.06866  0.01507  0.03756
NUM NODES   281
Background RAMA   0.4239  0.0809  0.1722  0.1735  0.0223  0.0284  0.0377  0.0225  0.0236  0.0125  0.0024
Background DSSP   0.3244  0.2091  0.0388  0.0907  0.1178  0.2194
Background CTXT   0.3244  0.0713  0.1378  0.0268  0.0264  0.0351  0.0267  0.0281  0.2751  0.0484

 ...performing all possible pairwise alignments based on HMMSUM-D(DP)
\r 16% |========>\r 33% |================>\r 50% |=========================>\r 66% |=================================>\r 83% |=========================================>\r100% |==================================================|

 ...generating the parent profile using HMMSUM-D(BAA)
 2.gca existed
 4.gca existed
 ...aligning (BAA): 2.drct 4.drct
 Maximum number of block:           8

 1.gca existed
 ...making 2-4.gca
BACKGROUND FREQS   0.08279  0.01937  0.05855  0.05992  0.04014  0.08089  0.02275  0.05552  0.05959  0.08020  0.02070  0.04729  0.04599  0.03728  0.04640  0.06246  0.05888  0.06866  0.01507  0.03756
NUM NODES   281
Background RAMA   0.4239  0.0809  0.1722  0.1735  0.0223  0.0284  0.0377  0.0225  0.0236  0.0125  0.0024
Background DSSP   0.3244  0.2091  0.0388  0.0907  0.1178  0.2194
Background CTXT   0.3244  0.0713  0.1378  0.0268  0.0264  0.0351  0.0267  0.0281  0.2751  0.0484
 ...aligning (BAA): 1.drct 2-4.drct
 Maximum number of block:           8

 ...making 1-2-4.gca
BACKGROUND FREQS   0.08279  0.01937  0.05855  0.05992  0.04014  0.08089  0.02275  0.05552  0.05959  0.08020  0.02070  0.04729  0.04599  0.03728  0.04640  0.06246  0.05888  0.06866  0.01507  0.03756
NUM NODES   281
Background RAMA   0.4239  0.0809  0.1722  0.1735  0.0223  0.0284  0.0377  0.0225  0.0236  0.0125  0.0024
Background DSSP   0.3244  0.2091  0.0388  0.0907  0.1178  0.2194
Background CTXT   0.3244  0.0713  0.1378  0.0268  0.0264  0.0351  0.0267  0.0281  0.2751  0.0484
 3.gca existed
 ...aligning (BAA): 1-2-4.drct 3.drct
 Maximum number of block:           8

 ...making initial multiple sequence alignment

 ...making 1-2-4-3.gca
BACKGROUND FREQS   0.08279  0.01937  0.05855  0.05992  0.04014  0.08089  0.02275  0.05552  0.05959  0.08020  0.02070  0.04729  0.04599  0.03728  0.04640  0.06246  0.05888  0.06866  0.01507  0.03756
NUM NODES   281
Background RAMA   0.4239  0.0809  0.1722  0.1735  0.0223  0.0284  0.0377  0.0225  0.0236  0.0125  0.0024
Background DSSP   0.3244  0.2091  0.0388  0.0907  0.1178  0.2194
Background CTXT   0.3244  0.0713  0.1378  0.0268  0.0264  0.0351  0.0267  0.0281  0.2751  0.0484
\r 25% |============>\r 50% |=========================>\r 75% |=====================================>\r100% |==================================================|

          97
 1j46_A has been selected as the parent sequence

 ...define           56  states

 done deallocating!
 Elapsed:   5.16996145     User:   5.13289022     System:   3.70710008E-02
processing /bach1/home/khanh2/HMMSUM/bb3_release/RV11/BB11002.tfa

 Sequence number in the FASTA file:           8

 ...parsing sequence 1
STOP SEQ2DRCT: Normal end
BACKGROUND FREQS   0.08279  0.01937  0.05855  0.05992  0.04014  0.08089  0.02275  0.05552  0.05959  0.08020  0.02070  0.04729  0.04599  0.03728  0.04640  0.06246  0.05888  0.06866  0.01507  0.03756
NUM NODES   281
Background RAMA   0.4239  0.0809  0.1722  0.1735  0.0223  0.0284  0.0377  0.0225  0.0236  0.0125  0.0024
Background DSSP   0.3244  0.2091  0.0388  0.0907  0.1178  0.2194
Background CTXT   0.3244  0.0713  0.1378  0.0268  0.0264  0.0351  0.0267  0.0281  0.2751  0.0484
 ...parsing sequence 2
STOP SEQ2DRCT: Normal end
BACKGROUND FREQS   0.08279  0.01937  0.05855  0.05992  0.04014  0.08089  0.02275  0.05552  0.05959  0.08020  0.02070  0.04729  0.04599  0.03728  0.04640  0.06246  0.05888  0.06866  0.01507  0.03756
NUM NODES   281
Background RAMA   0.4239  0.0809  0.1722  0.1735  0.0223  0.0284  0.0377  0.0225  0.0236  0.0125  0.0024
Background DSSP   0.3244  0.2091  0.0388  0.0907  0.1178  0.2194
Background CTXT   0.3244  0.0713  0.1378  0.0268  0.0264  0.0351  0.0267  0.0281  0.2751  0.0484
 ...parsing sequence 3
STOP SEQ2DRCT: Normal end
BACKGROUND FREQS   0.08279  0.01937  0.05855  0.05992  0.04014  0.08089  0.02275  0.05552  0.05959  0.08020  0.02070  0.04729  0.04599  0.03728  0.04640  0.06246  0.05888  0.06866  0.01507  0.03756
NUM NODES   281
Background RAMA   0.4239  0.0809  0.1722  0.1735  0.0223  0.0284  0.0377  0.0225  0.0236  0.0125  0.0024
Background DSSP   0.3244  0.2091  0.0388  0.0907  0.1178  0.2194
Background CTXT   0.3244  0.0713  0.1378  0.0268  0.0264  0.0351  0.0267  0.0281  0.2751  0.0484
 ...parsing sequence 4
STOP SEQ2DRCT: Normal end
BACKGROUND FREQS   0.08279  0.01937  0.05855  0.05992  0.04014  0.08089  0.02275  0.05552  0.05959  0.08020  0.02070  0.04729  0.04599  0.03728  0.04640  0.06246  0.05888  0.06866  0.01507  0.03756
NUM NODES   281
Background RAMA   0.4239  0.0809  0.1722  0.1735  0.0223  0.0284  0.0377  0.0225  0.0236  0.0125  0.0024
Background DSSP   0.3244  0.2091  0.0388  0.0907  0.1178  0.2194
Background CTXT   0.3244  0.0713  0.1378  0.0268  0.0264  0.0351  0.0267  0.0281  0.2751  0.0484
 ...parsing sequence 5
STOP SEQ2DRCT: Normal end
BACKGROUND FREQS   0.08279  0.01937  0.05855  0.05992  0.04014  0.08089  0.02275  0.05552  0.05959  0.08020  0.02070  0.04729  0.04599  0.03728  0.04640  0.06246  0.05888  0.06866  0.01507  0.03756
NUM NODES   281
Background RAMA   0.4239  0.0809  0.1722  0.1735  0.0223  0.0284  0.0377  0.0225  0.0236  0.0125  0.0024
Background DSSP   0.3244  0.2091  0.0388  0.0907  0.1178  0.2194
Background CTXT   0.3244  0.0713  0.1378  0.0268  0.0264  0.0351  0.0267  0.0281  0.2751  0.0484
 ...parsing sequence 6
STOP SEQ2DRCT: Normal end
BACKGROUND FREQS   0.08279  0.01937  0.05855  0.05992  0.04014  0.08089  0.02275  0.05552  0.05959  0.08020  0.02070  0.04729  0.04599  0.03728  0.04640  0.06246  0.05888  0.06866  0.01507  0.03756
NUM NODES   281
Background RAMA   0.4239  0.0809  0.1722  0.1735  0.0223  0.0284  0.0377  0.0225  0.0236  0.0125  0.0024
Background DSSP   0.3244  0.2091  0.0388  0.0907  0.1178  0.2194
Background CTXT   0.3244  0.0713  0.1378  0.0268  0.0264  0.0351  0.0267  0.0281  0.2751  0.0484
 ...parsing sequence 7
STOP SEQ2DRCT: Normal end
BACKGROUND FREQS   0.08279  0.01937  0.05855  0.05992  0.04014  0.08089  0.02275  0.05552  0.05959  0.08020  0.02070  0.04729  0.04599  0.03728  0.04640  0.06246  0.05888  0.06866  0.01507  0.03756
NUM NODES   281
Background RAMA   0.4239  0.0809  0.1722  0.1735  0.0223  0.0284  0.0377  0.0225  0.0236  0.0125  0.0024
Background DSSP   0.3244  0.2091  0.0388  0.0907  0.1178  0.2194
Background CTXT   0.3244  0.0713  0.1378  0.0268  0.0264  0.0351  0.0267  0.0281  0.2751  0.0484
 ...parsing sequence 8
STOP SEQ2DRCT: Normal end
BACKGROUND FREQS   0.08279  0.01937  0.05855  0.05992  0.04014  0.08089  0.02275  0.05552  0.05959  0.08020  0.02070  0.04729  0.04599  0.03728  0.04640  0.06246  0.05888  0.06866  0.01507  0.03756
NUM NODES   281
Background RAMA   0.4239  0.0809  0.1722  0.1735  0.0223  0.0284  0.0377  0.0225  0.0236  0.0125  0.0024
Background DSSP   0.3244  0.2091  0.0388  0.0907  0.1178  0.2194
Background CTXT   0.3244  0.0713  0.1378  0.0268  0.0264  0.0351  0.0267  0.0281  0.2751  0.0484

 ...performing all possible pairwise alignments based on HMMSUM-D(DP)
\r  3% |=>\r  7% |===>\r 10% |=====>\r 14% |=======>\r 17% |========>\r 21% |==========>\r 25% |============>\r 28% |==============>\r 32% |================>\r 35% |=================>\r 39% |===================>\r 42% |=====================>\r 46% |=======================>\r 50% |=========================>\r 53% |==========================>\r 57% |============================>\r 60% |==============================>\r 64% |================================>\r 67% |=================================>\r 71% |===================================>\r 75% |=====================================>\r 78% |=======================================>\r 82% |=========================================>\r 85% |==========================================>\r 89% |============================================>\r 92% |==============================================>\r 96% |================================================>\r100% |==================================================|

 ...generating the parent profile using HMMSUM-D(BAA)
 4.gca existed
 5.gca existed
 ...aligning (BAA): 4.drct 5.drct
 Maximum number of block:           5

 ...making 4-5.gca
BACKGROUND FREQS   0.08279  0.01937  0.05855  0.05992  0.04014  0.08089  0.02275  0.05552  0.05959  0.08020  0.02070  0.04729  0.04599  0.03728  0.04640  0.06246  0.05888  0.06866  0.01507  0.03756
NUM NODES   281
Background RAMA   0.4239  0.0809  0.1722  0.1735  0.0223  0.0284  0.0377  0.0225  0.0236  0.0125  0.0024
Background DSSP   0.3244  0.2091  0.0388  0.0907  0.1178  0.2194
Background CTXT   0.3244  0.0713  0.1378  0.0268  0.0264  0.0351  0.0267  0.0281  0.2751  0.0484
 6.gca existed
 ...aligning (BAA): 4-5.drct 6.drct
 Maximum number of block:           8

 1.gca existed
 3.gca existed
 ...aligning (BAA): 1.drct 3.drct
 Maximum number of block:           5

 7.gca existed
 8.gca existed
 ...aligning (BAA): 7.drct 8.drct
 Maximum number of block:           8

 ...making 1-3.gca
BACKGROUND FREQS   0.08279  0.01937  0.05855  0.05992  0.04014  0.08089  0.02275  0.05552  0.05959  0.08020  0.02070  0.04729  0.04599  0.03728  0.04640  0.06246  0.05888  0.06866  0.01507  0.03756
NUM NODES   281
Background RAMA   0.4239  0.0809  0.1722  0.1735  0.0223  0.0284  0.0377  0.0225  0.0236  0.0125  0.0024
Background DSSP   0.3244  0.2091  0.0388  0.0907  0.1178  0.2194
Background CTXT   0.3244  0.0713  0.1378  0.0268  0.0264  0.0351  0.0267  0.0281  0.2751  0.0484
 ...making 4-5-6.gca
BACKGROUND FREQS   0.08279  0.01937  0.05855  0.05992  0.04014  0.08089  0.02275  0.05552  0.05959  0.08020  0.02070  0.04729  0.04599  0.03728  0.04640  0.06246  0.05888  0.06866  0.01507  0.03756
NUM NODES   281
Background RAMA   0.4239  0.0809  0.1722  0.1735  0.0223  0.0284  0.0377  0.0225  0.0236  0.0125  0.0024
Background DSSP   0.3244  0.2091  0.0388  0.0907  0.1178  0.2194
Background CTXT   0.3244  0.0713  0.1378  0.0268  0.0264  0.0351  0.0267  0.0281  0.2751  0.0484
 ...aligning (BAA): 1-3.drct 4-5-6.drct
 Maximum number of block:           8

 ...making 1-3-4-5-6.gca
BACKGROUND FREQS   0.08279  0.01937  0.05855  0.05992  0.04014  0.08089  0.02275  0.05552  0.05959  0.08020  0.02070  0.04729  0.04599  0.03728  0.04640  0.06246  0.05888  0.06866  0.01507  0.03756
NUM NODES   281
Background RAMA   0.4239  0.0809  0.1722  0.1735  0.0223  0.0284  0.0377  0.0225  0.0236  0.0125  0.0024
Background DSSP   0.3244  0.2091  0.0388  0.0907  0.1178  0.2194
Background CTXT   0.3244  0.0713  0.1378  0.0268  0.0264  0.0351  0.0267  0.0281  0.2751  0.0484
 ...making 7-8.gca
BACKGROUND FREQS   0.08279  0.01937  0.05855  0.05992  0.04014  0.08089  0.02275  0.05552  0.05959  0.08020  0.02070  0.04729  0.04599  0.03728  0.04640  0.06246  0.05888  0.06866  0.01507  0.03756
NUM NODES   281
Background RAMA   0.4239  0.0809  0.1722  0.1735  0.0223  0.0284  0.0377  0.0225  0.0236  0.0125  0.0024
Background DSSP   0.3244  0.2091  0.0388  0.0907  0.1178  0.2194
Background CTXT   0.3244  0.0713  0.1378  0.0268  0.0264  0.0351  0.0267  0.0281  0.2751  0.0484
 ...aligning (BAA): 1-3-4-5-6.drct 7-8.drct
 Maximum number of block:          10

 2.gca existed
 ...making 1-3-4-5-6-7-8.gca
BACKGROUND FREQS   0.08279  0.01937  0.05855  0.05992  0.04014  0.08089  0.02275  0.05552  0.05959  0.08020  0.02070  0.04729  0.04599  0.03728  0.04640  0.06246  0.05888  0.06866  0.01507  0.03756
NUM NODES   281
Background RAMA   0.4239  0.0809  0.1722  0.1735  0.0223  0.0284  0.0377  0.0225  0.0236  0.0125  0.0024
Background DSSP   0.3244  0.2091  0.0388  0.0907  0.1178  0.2194
Background CTXT   0.3244  0.0713  0.1378  0.0268  0.0264  0.0351  0.0267  0.0281  0.2751  0.0484
 ...aligning (BAA): 2.drct 1-3-4-5-6-7-8.drct
 Maximum number of block:          13

 ...making initial multiple sequence alignment

 ...making 2-1-3-4-5-6-7-8.gca
BACKGROUND FREQS   0.08279  0.01937  0.05855  0.05992  0.04014  0.08089  0.02275  0.05552  0.05959  0.08020  0.02070  0.04729  0.04599  0.03728  0.04640  0.06246  0.05888  0.06866  0.01507  0.03756
NUM NODES   281
Background RAMA   0.4239  0.0809  0.1722  0.1735  0.0223  0.0284  0.0377  0.0225  0.0236  0.0125  0.0024
Background DSSP   0.3244  0.2091  0.0388  0.0907  0.1178  0.2194
Background CTXT   0.3244  0.0713  0.1378  0.0268  0.0264  0.0351  0.0267  0.0281  0.2751  0.0484
\r 12% |======>\r 25% |============>\r 37% |==================>\r 50% |=========================>\r 62% |===============================>\r 75% |=====================================>\r 87% |===========================================>\r100% |==================================================|

         211
 1ov3_A has been selected as the parent sequence

 ...define          107  states

 done deallocating!
 Elapsed:   42.3706360     User:   42.2756577     System:   9.49790031E-02
processing /bach1/home/khanh2/HMMSUM/bb3_release/RV11/BB11003.tfa

 Sequence number in the FASTA file:           4

 ...parsing sequence 1
STOP SEQ2DRCT: Normal end
BACKGROUND FREQS   0.08279  0.01937  0.05855  0.05992  0.04014  0.08089  0.02275  0.05552  0.05959  0.08020  0.02070  0.04729  0.04599  0.03728  0.04640  0.06246  0.05888  0.06866  0.01507  0.03756
NUM NODES   281
Background RAMA   0.4239  0.0809  0.1722  0.1735  0.0223  0.0284  0.0377  0.0225  0.0236  0.0125  0.0024
Background DSSP   0.3244  0.2091  0.0388  0.0907  0.1178  0.2194
Background CTXT   0.3244  0.0713  0.1378  0.0268  0.0264  0.0351  0.0267  0.0281  0.2751  0.0484
 ...parsing sequence 2
STOP SEQ2DRCT: Normal end
BACKGROUND FREQS   0.08279  0.01937  0.05855  0.05992  0.04014  0.08089  0.02275  0.05552  0.05959  0.08020  0.02070  0.04729  0.04599  0.03728  0.04640  0.06246  0.05888  0.06866  0.01507  0.03756
NUM NODES   281
Background RAMA   0.4239  0.0809  0.1722  0.1735  0.0223  0.0284  0.0377  0.0225  0.0236  0.0125  0.0024
Background DSSP   0.3244  0.2091  0.0388  0.0907  0.1178  0.2194
Background CTXT   0.3244  0.0713  0.1378  0.0268  0.0264  0.0351  0.0267  0.0281  0.2751  0.0484
 ...parsing sequence 3
STOP SEQ2DRCT: Normal end
BACKGROUND FREQS   0.08279  0.01937  0.05855  0.05992  0.04014  0.08089  0.02275  0.05552  0.05959  0.08020  0.02070  0.04729  0.04599  0.03728  0.04640  0.06246  0.05888  0.06866  0.01507  0.03756
NUM NODES   281
Background RAMA   0.4239  0.0809  0.1722  0.1735  0.0223  0.0284  0.0377  0.0225  0.0236  0.0125  0.0024
Background DSSP   0.3244  0.2091  0.0388  0.0907  0.1178  0.2194
Background CTXT   0.3244  0.0713  0.1378  0.0268  0.0264  0.0351  0.0267  0.0281  0.2751  0.0484
 ...parsing sequence 4
STOP SEQ2DRCT: Normal end
BACKGROUND FREQS   0.08279  0.01937  0.05855  0.05992  0.04014  0.08089  0.02275  0.05552  0.05959  0.08020  0.02070  0.04729  0.04599  0.03728  0.04640  0.06246  0.05888  0.06866  0.01507  0.03756
NUM NODES   281
Background RAMA   0.4239  0.0809  0.1722  0.1735  0.0223  0.0284  0.0377  0.0225  0.0236  0.0125  0.0024
Background DSSP   0.3244  0.2091  0.0388  0.0907  0.1178  0.2194
Background CTXT   0.3244  0.0713  0.1378  0.0268  0.0264  0.0351  0.0267  0.0281  0.2751  0.0484

 ...performing all possible pairwise alignments based on HMMSUM-D(DP)
\r 16% |========>\r 33% |================>\r 50% |=========================>\r 66% |=================================>\r 83% |=========================================>\r100% |==================================================|

 ...generating the parent profile using HMMSUM-D(BAA)
 1.gca existed
 2.gca existed
 ...aligning (BAA): 1.drct 2.drct
 Maximum number of block:          20

 ...making 1-2.gca
BACKGROUND FREQS   0.08279  0.01937  0.05855  0.05992  0.04014  0.08089  0.02275  0.05552  0.05959  0.08020  0.02070  0.04729  0.04599  0.03728  0.04640  0.06246  0.05888  0.06866  0.01507  0.03756
NUM NODES   281
Background RAMA   0.4239  0.0809  0.1722  0.1735  0.0223  0.0284  0.0377  0.0225  0.0236  0.0125  0.0024
Background DSSP   0.3244  0.2091  0.0388  0.0907  0.1178  0.2194
Background CTXT   0.3244  0.0713  0.1378  0.0268  0.0264  0.0351  0.0267  0.0281  0.2751  0.0484
 4.gca existed
 ...aligning (BAA): 1-2.drct 4.drct
 Maximum number of block:          20

 ...making 1-2-4.gca
BACKGROUND FREQS   0.08279  0.01937  0.05855  0.05992  0.04014  0.08089  0.02275  0.05552  0.05959  0.08020  0.02070  0.04729  0.04599  0.03728  0.04640  0.06246  0.05888  0.06866  0.01507  0.03756
NUM NODES   281
Background RAMA   0.4239  0.0809  0.1722  0.1735  0.0223  0.0284  0.0377  0.0225  0.0236  0.0125  0.0024
Background DSSP   0.3244  0.2091  0.0388  0.0907  0.1178  0.2194
Background CTXT   0.3244  0.0713  0.1378  0.0268  0.0264  0.0351  0.0267  0.0281  0.2751  0.0484
 3.gca existed
 ...aligning (BAA): 1-2-4.drct 3.drct
 Maximum number of block:          20

 ...making initial multiple sequence alignment

 ...making 1-2-4-3.gca
BACKGROUND FREQS   0.08279  0.01937  0.05855  0.05992  0.04014  0.08089  0.02275  0.05552  0.05959  0.08020  0.02070  0.04729  0.04599  0.03728  0.04640  0.06246  0.05888  0.06866  0.01507  0.03756
NUM NODES   281
Background RAMA   0.4239  0.0809  0.1722  0.1735  0.0223  0.0284  0.0377  0.0225  0.0236  0.0125  0.0024
Background DSSP   0.3244  0.2091  0.0388  0.0907  0.1178  0.2194
Background CTXT   0.3244  0.0713  0.1378  0.0268  0.0264  0.0351  0.0267  0.0281  0.2751  0.0484
\r 25% |============>\r 50% |=========================>\r 75% |=====================================>\r100% |==================================================|

         657
 1uzb_A has been selected as the parent sequence

 ...define          516  states

 done deallocating!
 Elapsed:   101.752647     User:   101.436646     System:  0.316004992    
processing /bach1/home/khanh2/HMMSUM/bb3_release/RV11/BB11004.tfa

 Sequence number in the FASTA file:           4

 ...parsing sequence 1
STOP SEQ2DRCT: Normal end
BACKGROUND FREQS   0.08279  0.01937  0.05855  0.05992  0.04014  0.08089  0.02275  0.05552  0.05959  0.08020  0.02070  0.04729  0.04599  0.03728  0.04640  0.06246  0.05888  0.06866  0.01507  0.03756
NUM NODES   281
Background RAMA   0.4239  0.0809  0.1722  0.1735  0.0223  0.0284  0.0377  0.0225  0.0236  0.0125  0.0024
Background DSSP   0.3244  0.2091  0.0388  0.0907  0.1178  0.2194
Background CTXT   0.3244  0.0713  0.1378  0.0268  0.0264  0.0351  0.0267  0.0281  0.2751  0.0484
 ...parsing sequence 2
STOP SEQ2DRCT: Normal end
BACKGROUND FREQS   0.08279  0.01937  0.05855  0.05992  0.04014  0.08089  0.02275  0.05552  0.05959  0.08020  0.02070  0.04729  0.04599  0.03728  0.04640  0.06246  0.05888  0.06866  0.01507  0.03756
NUM NODES   281
Background RAMA   0.4239  0.0809  0.1722  0.1735  0.0223  0.0284  0.0377  0.0225  0.0236  0.0125  0.0024
Background DSSP   0.3244  0.2091  0.0388  0.0907  0.1178  0.2194
Background CTXT   0.3244  0.0713  0.1378  0.0268  0.0264  0.0351  0.0267  0.0281  0.2751  0.0484
 ...parsing sequence 3
STOP SEQ2DRCT: Normal end
BACKGROUND FREQS   0.08279  0.01937  0.05855  0.05992  0.04014  0.08089  0.02275  0.05552  0.05959  0.08020  0.02070  0.04729  0.04599  0.03728  0.04640  0.06246  0.05888  0.06866  0.01507  0.03756
NUM NODES   281
Background RAMA   0.4239  0.0809  0.1722  0.1735  0.0223  0.0284  0.0377  0.0225  0.0236  0.0125  0.0024
Background DSSP   0.3244  0.2091  0.0388  0.0907  0.1178  0.2194
Background CTXT   0.3244  0.0713  0.1378  0.0268  0.0264  0.0351  0.0267  0.0281  0.2751  0.0484
 ...parsing sequence 4
STOP SEQ2DRCT: Normal end
BACKGROUND FREQS   0.08279  0.01937  0.05855  0.05992  0.04014  0.08089  0.02275  0.05552  0.05959  0.08020  0.02070  0.04729  0.04599  0.03728  0.04640  0.06246  0.05888  0.06866  0.01507  0.03756
NUM NODES   281
Background RAMA   0.4239  0.0809  0.1722  0.1735  0.0223  0.0284  0.0377  0.0225  0.0236  0.0125  0.0024
Background DSSP   0.3244  0.2091  0.0388  0.0907  0.1178  0.2194
Background CTXT   0.3244  0.0713  0.1378  0.0268  0.0264  0.0351  0.0267  0.0281  0.2751  0.0484

 ...performing all possible pairwise alignments based on HMMSUM-D(DP)
\r 16% |========>\r 33% |================>\r 50% |=========================>\r 66% |=================================>\r 83% |=========================================>\r100% |==================================================|

 ...generating the parent profile using HMMSUM-D(BAA)
 2.gca existed
 3.gca existed
 ...aligning (BAA): 2.drct 3.drct
 Maximum number of block:          20

 ...making 2-3.gca
BACKGROUND FREQS   0.08279  0.01937  0.05855  0.05992  0.04014  0.08089  0.02275  0.05552  0.05959  0.08020  0.02070  0.04729  0.04599  0.03728  0.04640  0.06246  0.05888  0.06866  0.01507  0.03756
NUM NODES   281
Background RAMA   0.4239  0.0809  0.1722  0.1735  0.0223  0.0284  0.0377  0.0225  0.0236  0.0125  0.0024
Background DSSP   0.3244  0.2091  0.0388  0.0907  0.1178  0.2194
Background CTXT   0.3244  0.0713  0.1378  0.0268  0.0264  0.0351  0.0267  0.0281  0.2751  0.0484
 4.gca existed
 ...aligning (BAA): 2-3.drct 4.drct
 Maximum number of block:          20

 1.gca existed
 ...making 2-3-4.gca
BACKGROUND FREQS   0.08279  0.01937  0.05855  0.05992  0.04014  0.08089  0.02275  0.05552  0.05959  0.08020  0.02070  0.04729  0.04599  0.03728  0.04640  0.06246  0.05888  0.06866  0.01507  0.03756
NUM NODES   281
Background RAMA   0.4239  0.0809  0.1722  0.1735  0.0223  0.0284  0.0377  0.0225  0.0236  0.0125  0.0024
Background DSSP   0.3244  0.2091  0.0388  0.0907  0.1178  0.2194
Background CTXT   0.3244  0.0713  0.1378  0.0268  0.0264  0.0351  0.0267  0.0281  0.2751  0.0484
 ...aligning (BAA): 1.drct 2-3-4.drct
 Maximum number of block:          20

 ...making initial multiple sequence alignment

 ...making 1-2-3-4.gca
BACKGROUND FREQS   0.08279  0.01937  0.05855  0.05992  0.04014  0.08089  0.02275  0.05552  0.05959  0.08020  0.02070  0.04729  0.04599  0.03728  0.04640  0.06246  0.05888  0.06866  0.01507  0.03756
NUM NODES   281
Background RAMA   0.4239  0.0809  0.1722  0.1735  0.0223  0.0284  0.0377  0.0225  0.0236  0.0125  0.0024
Background DSSP   0.3244  0.2091  0.0388  0.0907  0.1178  0.2194
Background CTXT   0.3244  0.0713  0.1378  0.0268  0.0264  0.0351  0.0267  0.0281  0.2751  0.0484
\r 25% |============>\r 50% |=========================>\r 75% |=====================================>\r100% |==================================================|

         715
 1nj8_A has been selected as the parent sequence

 ...define          456  states

 done deallocating!
 Elapsed:   101.287544     User:   101.046547     System:  0.241000995    
processing /bach1/home/khanh2/HMMSUM/bb3_release/RV11/BB11005.tfa

 Sequence number in the FASTA file:          14

 ...parsing sequence 1
STOP SEQ2DRCT: Normal end
BACKGROUND FREQS   0.08279  0.01937  0.05855  0.05992  0.04014  0.08089  0.02275  0.05552  0.05959  0.08020  0.02070  0.04729  0.04599  0.03728  0.04640  0.06246  0.05888  0.06866  0.01507  0.03756
NUM NODES   281
Background RAMA   0.4239  0.0809  0.1722  0.1735  0.0223  0.0284  0.0377  0.0225  0.0236  0.0125  0.0024
Background DSSP   0.3244  0.2091  0.0388  0.0907  0.1178  0.2194
Background CTXT   0.3244  0.0713  0.1378  0.0268  0.0264  0.0351  0.0267  0.0281  0.2751  0.0484
 ...parsing sequence 2
STOP SEQ2DRCT: Normal end
BACKGROUND FREQS   0.08279  0.01937  0.05855  0.05992  0.04014  0.08089  0.02275  0.05552  0.05959  0.08020  0.02070  0.04729  0.04599  0.03728  0.04640  0.06246  0.05888  0.06866  0.01507  0.03756
NUM NODES   281
Background RAMA   0.4239  0.0809  0.1722  0.1735  0.0223  0.0284  0.0377  0.0225  0.0236  0.0125  0.0024
Background DSSP   0.3244  0.2091  0.0388  0.0907  0.1178  0.2194
Background CTXT   0.3244  0.0713  0.1378  0.0268  0.0264  0.0351  0.0267  0.0281  0.2751  0.0484
 ...parsing sequence 3
STOP SEQ2DRCT: Normal end
BACKGROUND FREQS   0.08279  0.01937  0.05855  0.05992  0.04014  0.08089  0.02275  0.05552  0.05959  0.08020  0.02070  0.04729  0.04599  0.03728  0.04640  0.06246  0.05888  0.06866  0.01507  0.03756
NUM NODES   281
Background RAMA   0.4239  0.0809  0.1722  0.1735  0.0223  0.0284  0.0377  0.0225  0.0236  0.0125  0.0024
Background DSSP   0.3244  0.2091  0.0388  0.0907  0.1178  0.2194
Background CTXT   0.3244  0.0713  0.1378  0.0268  0.0264  0.0351  0.0267  0.0281  0.2751  0.0484
 ...parsing sequence 4
STOP SEQ2DRCT: Normal end
BACKGROUND FREQS   0.08279  0.01937  0.05855  0.05992  0.04014  0.08089  0.02275  0.05552  0.05959  0.08020  0.02070  0.04729  0.04599  0.03728  0.04640  0.06246  0.05888  0.06866  0.01507  0.03756
NUM NODES   281
Background RAMA   0.4239  0.0809  0.1722  0.1735  0.0223  0.0284  0.0377  0.0225  0.0236  0.0125  0.0024
Background DSSP   0.3244  0.2091  0.0388  0.0907  0.1178  0.2194
Background CTXT   0.3244  0.0713  0.1378  0.0268  0.0264  0.0351  0.0267  0.0281  0.2751  0.0484
 ...parsing sequence 5
STOP SEQ2DRCT: Normal end
BACKGROUND FREQS   0.08279  0.01937  0.05855  0.05992  0.04014  0.08089  0.02275  0.05552  0.05959  0.08020  0.02070  0.04729  0.04599  0.03728  0.04640  0.06246  0.05888  0.06866  0.01507  0.03756
NUM NODES   281
Background RAMA   0.4239  0.0809  0.1722  0.1735  0.0223  0.0284  0.0377  0.0225  0.0236  0.0125  0.0024
Background DSSP   0.3244  0.2091  0.0388  0.0907  0.1178  0.2194
Background CTXT   0.3244  0.0713  0.1378  0.0268  0.0264  0.0351  0.0267  0.0281  0.2751  0.0484
 ...parsing sequence 6
STOP SEQ2DRCT: Normal end
BACKGROUND FREQS   0.08279  0.01937  0.05855  0.05992  0.04014  0.08089  0.02275  0.05552  0.05959  0.08020  0.02070  0.04729  0.04599  0.03728  0.04640  0.06246  0.05888  0.06866  0.01507  0.03756
NUM NODES   281
Background RAMA   0.4239  0.0809  0.1722  0.1735  0.0223  0.0284  0.0377  0.0225  0.0236  0.0125  0.0024
Background DSSP   0.3244  0.2091  0.0388  0.0907  0.1178  0.2194
Background CTXT   0.3244  0.0713  0.1378  0.0268  0.0264  0.0351  0.0267  0.0281  0.2751  0.0484
 ...parsing sequence 7
STOP SEQ2DRCT: Normal end
BACKGROUND FREQS   0.08279  0.01937  0.05855  0.05992  0.04014  0.08089  0.02275  0.05552  0.05959  0.08020  0.02070  0.04729  0.04599  0.03728  0.04640  0.06246  0.05888  0.06866  0.01507  0.03756
NUM NODES   281
Background RAMA   0.4239  0.0809  0.1722  0.1735  0.0223  0.0284  0.0377  0.0225  0.0236  0.0125  0.0024
Background DSSP   0.3244  0.2091  0.0388  0.0907  0.1178  0.2194
Background CTXT   0.3244  0.0713  0.1378  0.0268  0.0264  0.0351  0.0267  0.0281  0.2751  0.0484
 ...parsing sequence 8
STOP SEQ2DRCT: Normal end
BACKGROUND FREQS   0.08279  0.01937  0.05855  0.05992  0.04014  0.08089  0.02275  0.05552  0.05959  0.08020  0.02070  0.04729  0.04599  0.03728  0.04640  0.06246  0.05888  0.06866  0.01507  0.03756
NUM NODES   281
Background RAMA   0.4239  0.0809  0.1722  0.1735  0.0223  0.0284  0.0377  0.0225  0.0236  0.0125  0.0024
Background DSSP   0.3244  0.2091  0.0388  0.0907  0.1178  0.2194
Background CTXT   0.3244  0.0713  0.1378  0.0268  0.0264  0.0351  0.0267  0.0281  0.2751  0.0484
 ...parsing sequence 9
STOP SEQ2DRCT: Normal end
BACKGROUND FREQS   0.08279  0.01937  0.05855  0.05992  0.04014  0.08089  0.02275  0.05552  0.05959  0.08020  0.02070  0.04729  0.04599  0.03728  0.04640  0.06246  0.05888  0.06866  0.01507  0.03756
NUM NODES   281
Background RAMA   0.4239  0.0809  0.1722  0.1735  0.0223  0.0284  0.0377  0.0225  0.0236  0.0125  0.0024
Background DSSP   0.3244  0.2091  0.0388  0.0907  0.1178  0.2194
Background CTXT   0.3244  0.0713  0.1378  0.0268  0.0264  0.0351  0.0267  0.0281  0.2751  0.0484
 ...parsing sequence 10
STOP SEQ2DRCT: Normal end
BACKGROUND FREQS   0.08279  0.01937  0.05855  0.05992  0.04014  0.08089  0.02275  0.05552  0.05959  0.08020  0.02070  0.04729  0.04599  0.03728  0.04640  0.06246  0.05888  0.06866  0.01507  0.03756
NUM NODES   281
Background RAMA   0.4239  0.0809  0.1722  0.1735  0.0223  0.0284  0.0377  0.0225  0.0236  0.0125  0.0024
Background DSSP   0.3244  0.2091  0.0388  0.0907  0.1178  0.2194
Background CTXT   0.3244  0.0713  0.1378  0.0268  0.0264  0.0351  0.0267  0.0281  0.2751  0.0484
 ...parsing sequence 11
STOP SEQ2DRCT: Normal end
BACKGROUND FREQS   0.08279  0.01937  0.05855  0.05992  0.04014  0.08089  0.02275  0.05552  0.05959  0.08020  0.02070  0.04729  0.04599  0.03728  0.04640  0.06246  0.05888  0.06866  0.01507  0.03756
NUM NODES   281
Background RAMA   0.4239  0.0809  0.1722  0.1735  0.0223  0.0284  0.0377  0.0225  0.0236  0.0125  0.0024
Background DSSP   0.3244  0.2091  0.0388  0.0907  0.1178  0.2194
Background CTXT   0.3244  0.0713  0.1378  0.0268  0.0264  0.0351  0.0267  0.0281  0.2751  0.0484
 ...parsing sequence 12
STOP SEQ2DRCT: Normal end
BACKGROUND FREQS   0.08279  0.01937  0.05855  0.05992  0.04014  0.08089  0.02275  0.05552  0.05959  0.08020  0.02070  0.04729  0.04599  0.03728  0.04640  0.06246  0.05888  0.06866  0.01507  0.03756
NUM NODES   281
Background RAMA   0.4239  0.0809  0.1722  0.1735  0.0223  0.0284  0.0377  0.0225  0.0236  0.0125  0.0024
Background DSSP   0.3244  0.2091  0.0388  0.0907  0.1178  0.2194
Background CTXT   0.3244  0.0713  0.1378  0.0268  0.0264  0.0351  0.0267  0.0281  0.2751  0.0484
 ...parsing sequence 13
STOP SEQ2DRCT: Normal end
BACKGROUND FREQS   0.08279  0.01937  0.05855  0.05992  0.04014  0.08089  0.02275  0.05552  0.05959  0.08020  0.02070  0.04729  0.04599  0.03728  0.04640  0.06246  0.05888  0.06866  0.01507  0.03756
NUM NODES   281
Background RAMA   0.4239  0.0809  0.1722  0.1735  0.0223  0.0284  0.0377  0.0225  0.0236  0.0125  0.0024
Background DSSP   0.3244  0.2091  0.0388  0.0907  0.1178  0.2194
Background CTXT   0.3244  0.0713  0.1378  0.0268  0.0264  0.0351  0.0267  0.0281  0.2751  0.0484
 ...parsing sequence 14
STOP SEQ2DRCT: Normal end
BACKGROUND FREQS   0.08279  0.01937  0.05855  0.05992  0.04014  0.08089  0.02275  0.05552  0.05959  0.08020  0.02070  0.04729  0.04599  0.03728  0.04640  0.06246  0.05888  0.06866  0.01507  0.03756
NUM NODES   281
Background RAMA   0.4239  0.0809  0.1722  0.1735  0.0223  0.0284  0.0377  0.0225  0.0236  0.0125  0.0024
Background DSSP   0.3244  0.2091  0.0388  0.0907  0.1178  0.2194
Background CTXT   0.3244  0.0713  0.1378  0.0268  0.0264  0.0351  0.0267  0.0281  0.2751  0.0484

 ...performing all possible pairwise alignments based on HMMSUM-D(DP)
\r  1% |>\r  2% |=>\r  3% |=>\r  4% |==>\r  5% |==>\r  6% |===>\r  7% |===>\r  8% |====>\r  9% |====>\r 10% |=====>\r 12% |======>\r 13% |======>\r 14% |=======>\r 15% |=======>\r 16% |========>\r 17% |========>\r 18% |=========>\r 19% |=========>\r 20% |==========>\r 21% |==========>\r 23% |===========>\r 24% |============>\r 25% |============>\r 26% |=============>\r 27% |=============>\r 28% |==============>\r 29% |==============>\r 30% |===============>\r 31% |===============>\r 32% |================>\r 34% |=================>\r 35% |=================>\r 36% |==================>\r 37% |==================>\r 38% |===================>\r 39% |===================>\r 40% |====================>\r 41% |====================>\r 42% |=====================>\r 43% |=====================>\r 45% |======================>\r 46% |=======================>\r 47% |=======================>\r 48% |========================>\r 49% |========================>\r 50% |=========================>\r 51% |=========================>\r 52% |==========================>\r 53% |==========================>\r 54% |===========================>\r 56% |============================>\r 57% |============================>\r 58% |=============================>\r 59% |=============================>\r 60% |==============================>\r 61% |==============================>\r 62% |===============================>\r 63% |===============================>\r 64% |================================>\r 65% |================================>\r 67% |=================================>\r 68% |==================================>\r 69% |==================================>\r 70% |===================================>\r 71% |===================================>\r 72% |====================================>\r 73% |====================================>\r 74% |=====================================>\r 75% |=====================================>\r 76% |======================================>\r 78% |=======================================>\r 79% |=======================================>\r 80% |========================================>\r 81% |========================================>\r 82% |=========================================>\r 83% |=========================================>\r 84% |==========================================>\r 85% |==========================================>\r 86% |===========================================>\r 87% |===========================================>\r 89% |============================================>\r 90% |=============================================>\r 91% |=============================================>\r 92% |==============================================>\r 93% |==============================================>\r 94% |===============================================>\r 95% |===============================================>\r 96% |================================================>\r 97% |================================================>\r 98% |=================================================>\r100% |==================================================|

 ...generating the parent profile using HMMSUM-D(BAA)
 1.gca existed
 6.gca existed
 ...aligning (BAA): 1.drct 6.drct
 Maximum number of block:          20

 11.gca existed
 13.gca existed
 ...aligning (BAA): 11.drct 13.drct
 Maximum number of block:          20

 ...making 11-13.gca
BACKGROUND FREQS   0.08279  0.01937  0.05855  0.05992  0.04014  0.08089  0.02275  0.05552  0.05959  0.08020  0.02070  0.04729  0.04599  0.03728  0.04640  0.06246  0.05888  0.06866  0.01507  0.03756
NUM NODES   281
Background RAMA   0.4239  0.0809  0.1722  0.1735  0.0223  0.0284  0.0377  0.0225  0.0236  0.0125  0.0024
Background DSSP   0.3244  0.2091  0.0388  0.0907  0.1178  0.2194
Background CTXT   0.3244  0.0713  0.1378  0.0268  0.0264  0.0351  0.0267  0.0281  0.2751  0.0484
 9.gca existed
 ...aligning (BAA): 11-13.drct 9.drct
 Maximum number of block:          20

 5.gca existed
 7.gca existed
 ...aligning (BAA): 5.drct 7.drct
 Maximum number of block:          20

 12.gca existed
 ...making 11-13-9.gca
BACKGROUND FREQS   0.08279  0.01937  0.05855  0.05992  0.04014  0.08089  0.02275  0.05552  0.05959  0.08020  0.02070  0.04729  0.04599  0.03728  0.04640  0.06246  0.05888  0.06866  0.01507  0.03756
NUM NODES   281
Background RAMA   0.4239  0.0809  0.1722  0.1735  0.0223  0.0284  0.0377  0.0225  0.0236  0.0125  0.0024
Background DSSP   0.3244  0.2091  0.0388  0.0907  0.1178  0.2194
Background CTXT   0.3244  0.0713  0.1378  0.0268  0.0264  0.0351  0.0267  0.0281  0.2751  0.0484
 ...aligning (BAA): 12.drct 11-13-9.drct
 Maximum number of block:          20

 ...making 1-6.gca
BACKGROUND FREQS   0.08279  0.01937  0.05855  0.05992  0.04014  0.08089  0.02275  0.05552  0.05959  0.08020  0.02070  0.04729  0.04599  0.03728  0.04640  0.06246  0.05888  0.06866  0.01507  0.03756
NUM NODES   281
Background RAMA   0.4239  0.0809  0.1722  0.1735  0.0223  0.0284  0.0377  0.0225  0.0236  0.0125  0.0024
Background DSSP   0.3244  0.2091  0.0388  0.0907  0.1178  0.2194
Background CTXT   0.3244  0.0713  0.1378  0.0268  0.0264  0.0351  0.0267  0.0281  0.2751  0.0484
 8.gca existed
 ...aligning (BAA): 1-6.drct 8.drct
 Maximum number of block:          20

 ...making 12-11-13-9.gca
BACKGROUND FREQS   0.08279  0.01937  0.05855  0.05992  0.04014  0.08089  0.02275  0.05552  0.05959  0.08020  0.02070  0.04729  0.04599  0.03728  0.04640  0.06246  0.05888  0.06866  0.01507  0.03756
NUM NODES   281
Background RAMA   0.4239  0.0809  0.1722  0.1735  0.0223  0.0284  0.0377  0.0225  0.0236  0.0125  0.0024
Background DSSP   0.3244  0.2091  0.0388  0.0907  0.1178  0.2194
Background CTXT   0.3244  0.0713  0.1378  0.0268  0.0264  0.0351  0.0267  0.0281  0.2751  0.0484
 4.gca existed
 ...aligning (BAA): 12-11-13-9.drct 4.drct
 Maximum number of block:          20

 10.gca existed
 ...making 12-11-13-9-4.gca
BACKGROUND FREQS   0.08279  0.01937  0.05855  0.05992  0.04014  0.08089  0.02275  0.05552  0.05959  0.08020  0.02070  0.04729  0.04599  0.03728  0.04640  0.06246  0.05888  0.06866  0.01507  0.03756
NUM NODES   281
Background RAMA   0.4239  0.0809  0.1722  0.1735  0.0223  0.0284  0.0377  0.0225  0.0236  0.0125  0.0024
Background DSSP   0.3244  0.2091  0.0388  0.0907  0.1178  0.2194
Background CTXT   0.3244  0.0713  0.1378  0.0268  0.0264  0.0351  0.0267  0.0281  0.2751  0.0484
 ...aligning (BAA): 10.drct 12-11-13-9-4.drct
 Maximum number of block:          20

 ...making 10-12-11-13-9-4.gca
BACKGROUND FREQS   0.08279  0.01937  0.05855  0.05992  0.04014  0.08089  0.02275  0.05552  0.05959  0.08020  0.02070  0.04729  0.04599  0.03728  0.04640  0.06246  0.05888  0.06866  0.01507  0.03756
NUM NODES   281
Background RAMA   0.4239  0.0809  0.1722  0.1735  0.0223  0.0284  0.0377  0.0225  0.0236  0.0125  0.0024
Background DSSP   0.3244  0.2091  0.0388  0.0907  0.1178  0.2194
Background CTXT   0.3244  0.0713  0.1378  0.0268  0.0264  0.0351  0.0267  0.0281  0.2751  0.0484
 14.gca existed
 ...aligning (BAA): 10-12-11-13-9-4.drct 14.drct
 Maximum number of block:          20

 ...making initial multiple sequence alignment

 ...making 10-12-11-13-9-4-14.gca
BACKGROUND FREQS   0.08279  0.01937  0.05855  0.05992  0.04014  0.08089  0.02275  0.05552  0.05959  0.08020  0.02070  0.04729  0.04599  0.03728  0.04640  0.06246  0.05888  0.06866  0.01507  0.03756
NUM NODES   281
Background RAMA   0.4239  0.0809  0.1722  0.1735  0.0223  0.0284  0.0377  0.0225  0.0236  0.0125  0.0024
Background DSSP   0.3244  0.2091  0.0388  0.0907  0.1178  0.2194
Background CTXT   0.3244  0.0713  0.1378  0.0268  0.0264  0.0351  0.0267  0.0281  0.2751  0.0484
\r  7% |===>\r 14% |=======>\r 21% |==========>\r 28% |==============>\r 35% |=================>\r 42% |=====================>\r 50% |=========================>\r 57% |============================>\r 64% |================================>\r 71% |===================================>\r 78% |=======================================>\r 85% |==========================================>\r 92% |==============================================>\r100% |==================================================|

         661
 1b5o_A has been selected as the parent sequence

 ...define          185  states

 done deallocating!
 Elapsed:   531.378113     User:   530.363098     System:   1.01499200    
processing /bach1/home/khanh2/HMMSUM/bb3_release/RV11/BB11006.tfa

 Sequence number in the FASTA file:           8

 ...parsing sequence 1
STOP SEQ2DRCT: Normal end
BACKGROUND FREQS   0.08279  0.01937  0.05855  0.05992  0.04014  0.08089  0.02275  0.05552  0.05959  0.08020  0.02070  0.04729  0.04599  0.03728  0.04640  0.06246  0.05888  0.06866  0.01507  0.03756
NUM NODES   281
Background RAMA   0.4239  0.0809  0.1722  0.1735  0.0223  0.0284  0.0377  0.0225  0.0236  0.0125  0.0024
Background DSSP   0.3244  0.2091  0.0388  0.0907  0.1178  0.2194
Background CTXT   0.3244  0.0713  0.1378  0.0268  0.0264  0.0351  0.0267  0.0281  0.2751  0.0484
 ...parsing sequence 2
STOP SEQ2DRCT: Normal end
BACKGROUND FREQS   0.08279  0.01937  0.05855  0.05992  0.04014  0.08089  0.02275  0.05552  0.05959  0.08020  0.02070  0.04729  0.04599  0.03728  0.04640  0.06246  0.05888  0.06866  0.01507  0.03756
NUM NODES   281
Background RAMA   0.4239  0.0809  0.1722  0.1735  0.0223  0.0284  0.0377  0.0225  0.0236  0.0125  0.0024
Background DSSP   0.3244  0.2091  0.0388  0.0907  0.1178  0.2194
Background CTXT   0.3244  0.0713  0.1378  0.0268  0.0264  0.0351  0.0267  0.0281  0.2751  0.0484
 ...parsing sequence 3
STOP SEQ2DRCT: Normal end
BACKGROUND FREQS   0.08279  0.01937  0.05855  0.05992  0.04014  0.08089  0.02275  0.05552  0.05959  0.08020  0.02070  0.04729  0.04599  0.03728  0.04640  0.06246  0.05888  0.06866  0.01507  0.03756
NUM NODES   281
Background RAMA   0.4239  0.0809  0.1722  0.1735  0.0223  0.0284  0.0377  0.0225  0.0236  0.0125  0.0024
Background DSSP   0.3244  0.2091  0.0388  0.0907  0.1178  0.2194
Background CTXT   0.3244  0.0713  0.1378  0.0268  0.0264  0.0351  0.0267  0.0281  0.2751  0.0484
 ...parsing sequence 4
STOP SEQ2DRCT: Normal end
BACKGROUND FREQS   0.08279  0.01937  0.05855  0.05992  0.04014  0.08089  0.02275  0.05552  0.05959  0.08020  0.02070  0.04729  0.04599  0.03728  0.04640  0.06246  0.05888  0.06866  0.01507  0.03756
NUM NODES   281
Background RAMA   0.4239  0.0809  0.1722  0.1735  0.0223  0.0284  0.0377  0.0225  0.0236  0.0125  0.0024
Background DSSP   0.3244  0.2091  0.0388  0.0907  0.1178  0.2194
Background CTXT   0.3244  0.0713  0.1378  0.0268  0.0264  0.0351  0.0267  0.0281  0.2751  0.0484
 ...parsing sequence 5
STOP SEQ2DRCT: Normal end
BACKGROUND FREQS   0.08279  0.01937  0.05855  0.05992  0.04014  0.08089  0.02275  0.05552  0.05959  0.08020  0.02070  0.04729  0.04599  0.03728  0.04640  0.06246  0.05888  0.06866  0.01507  0.03756
NUM NODES   281
Background RAMA   0.4239  0.0809  0.1722  0.1735  0.0223  0.0284  0.0377  0.0225  0.0236  0.0125  0.0024
Background DSSP   0.3244  0.2091  0.0388  0.0907  0.1178  0.2194
Background CTXT   0.3244  0.0713  0.1378  0.0268  0.0264  0.0351  0.0267  0.0281  0.2751  0.0484
 ...parsing sequence 6
STOP SEQ2DRCT: Normal end
BACKGROUND FREQS   0.08279  0.01937  0.05855  0.05992  0.04014  0.08089  0.02275  0.05552  0.05959  0.08020  0.02070  0.04729  0.04599  0.03728  0.04640  0.06246  0.05888  0.06866  0.01507  0.03756
NUM NODES   281
Background RAMA   0.4239  0.0809  0.1722  0.1735  0.0223  0.0284  0.0377  0.0225  0.0236  0.0125  0.0024
Background DSSP   0.3244  0.2091  0.0388  0.0907  0.1178  0.2194
Background CTXT   0.3244  0.0713  0.1378  0.0268  0.0264  0.0351  0.0267  0.0281  0.2751  0.0484
 ...parsing sequence 7
STOP SEQ2DRCT: Normal end
BACKGROUND FREQS   0.08279  0.01937  0.05855  0.05992  0.04014  0.08089  0.02275  0.05552  0.05959  0.08020  0.02070  0.04729  0.04599  0.03728  0.04640  0.06246  0.05888  0.06866  0.01507  0.03756
NUM NODES   281
Background RAMA   0.4239  0.0809  0.1722  0.1735  0.0223  0.0284  0.0377  0.0225  0.0236  0.0125  0.0024
Background DSSP   0.3244  0.2091  0.0388  0.0907  0.1178  0.2194
Background CTXT   0.3244  0.0713  0.1378  0.0268  0.0264  0.0351  0.0267  0.0281  0.2751  0.0484
 ...parsing sequence 8
STOP SEQ2DRCT: Normal end
